i: 20
=> creating model 'resnet50'
=> loading checkpoint '/data/blurry_vision_sup_RN50/supervised_resnet50_from_gauss_6_for_15_epoch_to_gauss_4_for_15_epoch_to_gauss_2_for_15_epoch_to_gauss_0_for_15/outmodel/checkpoint_supervised_resnet50_from_gauss_6_for_15_epoch_to_gauss_4_for_15_epoch_to_gauss_2_for_15_epoch_to_gauss_0_for_15_epoch20.pth.tar'
=> loaded checkpoint '/data/blurry_vision_sup_RN50/supervised_resnet50_from_gauss_6_for_15_epoch_to_gauss_4_for_15_epoch_to_gauss_2_for_15_epoch_to_gauss_0_for_15/outmodel/checkpoint_supervised_resnet50_from_gauss_6_for_15_epoch_to_gauss_4_for_15_epoch_to_gauss_2_for_15_epoch_to_gauss_0_for_15_epoch20.pth.tar' (epoch 20)
Test: [  0/500]	Time  4.386 ( 4.386)	Loss 7.0189e+00 (7.0189e+00)	Acc@1   9.00 (  9.00)	Acc@5  15.00 ( 15.00)
Test: [100/500]	Time  0.066 ( 0.286)	Loss 1.1659e+01 (9.5438e+00)	Acc@1   0.00 (  0.94)	Acc@5   0.00 (  3.13)
Test: [200/500]	Time  0.692 ( 0.273)	Loss 7.4393e+00 (9.7888e+00)	Acc@1   2.00 (  0.92)	Acc@5   6.00 (  2.90)
Test: [300/500]	Time  0.067 ( 0.264)	Loss 7.2805e+00 (9.2293e+00)	Acc@1   0.00 (  1.27)	Acc@5   2.00 (  3.84)
Test: [400/500]	Time  0.712 ( 0.267)	Loss 7.1484e+00 (8.8938e+00)	Acc@1   2.00 (  1.62)	Acc@5  14.00 (  4.86)
 * Acc@1 1.904 Acc@5 5.542
i: 25
=> creating model 'resnet50'
=> loading checkpoint '/data/blurry_vision_sup_RN50/supervised_resnet50_from_gauss_6_for_15_epoch_to_gauss_4_for_15_epoch_to_gauss_2_for_15_epoch_to_gauss_0_for_15/outmodel/checkpoint_supervised_resnet50_from_gauss_6_for_15_epoch_to_gauss_4_for_15_epoch_to_gauss_2_for_15_epoch_to_gauss_0_for_15_epoch25.pth.tar'
=> loaded checkpoint '/data/blurry_vision_sup_RN50/supervised_resnet50_from_gauss_6_for_15_epoch_to_gauss_4_for_15_epoch_to_gauss_2_for_15_epoch_to_gauss_0_for_15/outmodel/checkpoint_supervised_resnet50_from_gauss_6_for_15_epoch_to_gauss_4_for_15_epoch_to_gauss_2_for_15_epoch_to_gauss_0_for_15_epoch25.pth.tar' (epoch 25)
Test: [  0/500]	Time  4.391 ( 4.391)	Loss 5.8865e+00 (5.8865e+00)	Acc@1   6.00 (  6.00)	Acc@5  18.00 ( 18.00)
Test: [100/500]	Time  0.085 ( 0.289)	Loss 1.0585e+01 (8.9046e+00)	Acc@1   0.00 (  1.22)	Acc@5   0.00 (  3.89)
Test: [200/500]	Time  0.587 ( 0.276)	Loss 7.4633e+00 (9.0741e+00)	Acc@1   2.00 (  0.92)	Acc@5   2.00 (  3.11)
Test: [300/500]	Time  0.070 ( 0.266)	Loss 7.6611e+00 (8.5475e+00)	Acc@1   0.00 (  1.37)	Acc@5   1.00 (  4.38)
Test: [400/500]	Time  0.078 ( 0.260)	Loss 6.5917e+00 (8.2219e+00)	Acc@1   1.00 (  1.81)	Acc@5  30.00 (  5.56)
 * Acc@1 2.016 Acc@5 6.102
i: 30
=> creating model 'resnet50'
=> loading checkpoint '/data/blurry_vision_sup_RN50/supervised_resnet50_from_gauss_6_for_15_epoch_to_gauss_4_for_15_epoch_to_gauss_2_for_15_epoch_to_gauss_0_for_15/outmodel/checkpoint_supervised_resnet50_from_gauss_6_for_15_epoch_to_gauss_4_for_15_epoch_to_gauss_2_for_15_epoch_to_gauss_0_for_15_epoch30.pth.tar'
=> loaded checkpoint '/data/blurry_vision_sup_RN50/supervised_resnet50_from_gauss_6_for_15_epoch_to_gauss_4_for_15_epoch_to_gauss_2_for_15_epoch_to_gauss_0_for_15/outmodel/checkpoint_supervised_resnet50_from_gauss_6_for_15_epoch_to_gauss_4_for_15_epoch_to_gauss_2_for_15_epoch_to_gauss_0_for_15_epoch30.pth.tar' (epoch 30)
Test: [  0/500]	Time  4.279 ( 4.279)	Loss 7.3277e+00 (7.3277e+00)	Acc@1   4.00 (  4.00)	Acc@5  13.00 ( 13.00)
Test: [100/500]	Time  0.070 ( 0.270)	Loss 1.2811e+01 (9.9877e+00)	Acc@1   0.00 (  1.67)	Acc@5   0.00 (  5.02)
Test: [200/500]	Time  0.405 ( 0.256)	Loss 9.4319e+00 (1.0165e+01)	Acc@1   1.00 (  1.18)	Acc@5   1.00 (  3.86)
Test: [300/500]	Time  0.080 ( 0.249)	Loss 7.9563e+00 (9.5741e+00)	Acc@1   2.00 (  1.79)	Acc@5  10.00 (  5.79)
Test: [400/500]	Time  0.068 ( 0.242)	Loss 7.6074e+00 (9.2507e+00)	Acc@1   3.00 (  2.20)	Acc@5  33.00 (  6.82)
 * Acc@1 2.492 Acc@5 7.460
i: 35
=> creating model 'resnet50'
=> loading checkpoint '/data/blurry_vision_sup_RN50/supervised_resnet50_from_gauss_6_for_15_epoch_to_gauss_4_for_15_epoch_to_gauss_2_for_15_epoch_to_gauss_0_for_15/outmodel/checkpoint_supervised_resnet50_from_gauss_6_for_15_epoch_to_gauss_4_for_15_epoch_to_gauss_2_for_15_epoch_to_gauss_0_for_15_epoch35.pth.tar'
=> loaded checkpoint '/data/blurry_vision_sup_RN50/supervised_resnet50_from_gauss_6_for_15_epoch_to_gauss_4_for_15_epoch_to_gauss_2_for_15_epoch_to_gauss_0_for_15/outmodel/checkpoint_supervised_resnet50_from_gauss_6_for_15_epoch_to_gauss_4_for_15_epoch_to_gauss_2_for_15_epoch_to_gauss_0_for_15_epoch35.pth.tar' (epoch 35)
Test: [  0/500]	Time  4.027 ( 4.027)	Loss 9.3471e+00 (9.3471e+00)	Acc@1   4.00 (  4.00)	Acc@5  13.00 ( 13.00)
Test: [100/500]	Time  0.068 ( 0.268)	Loss 1.3429e+01 (1.1566e+01)	Acc@1   0.00 (  0.67)	Acc@5   0.00 (  3.67)
Test: [200/500]	Time  0.341 ( 0.253)	Loss 1.0758e+01 (1.1787e+01)	Acc@1   2.00 (  0.52)	Acc@5   3.00 (  2.75)
Test: [300/500]	Time  0.068 ( 0.248)	Loss 8.9807e+00 (1.1367e+01)	Acc@1   2.00 (  0.78)	Acc@5   3.00 (  3.54)
Test: [400/500]	Time  0.088 ( 0.244)	Loss 1.0018e+01 (1.1081e+01)	Acc@1   0.00 (  1.05)	Acc@5   1.00 (  4.00)
 * Acc@1 1.270 Acc@5 4.462
i: 40
=> creating model 'resnet50'
=> loading checkpoint '/data/blurry_vision_sup_RN50/supervised_resnet50_from_gauss_6_for_15_epoch_to_gauss_4_for_15_epoch_to_gauss_2_for_15_epoch_to_gauss_0_for_15/outmodel/checkpoint_supervised_resnet50_from_gauss_6_for_15_epoch_to_gauss_4_for_15_epoch_to_gauss_2_for_15_epoch_to_gauss_0_for_15_epoch40.pth.tar'
=> loaded checkpoint '/data/blurry_vision_sup_RN50/supervised_resnet50_from_gauss_6_for_15_epoch_to_gauss_4_for_15_epoch_to_gauss_2_for_15_epoch_to_gauss_0_for_15/outmodel/checkpoint_supervised_resnet50_from_gauss_6_for_15_epoch_to_gauss_4_for_15_epoch_to_gauss_2_for_15_epoch_to_gauss_0_for_15_epoch40.pth.tar' (epoch 40)
Test: [  0/500]	Time  4.168 ( 4.168)	Loss 1.0352e+01 (1.0352e+01)	Acc@1   4.00 (  4.00)	Acc@5  10.00 ( 10.00)
Test: [100/500]	Time  0.069 ( 0.273)	Loss 1.3178e+01 (1.1668e+01)	Acc@1   0.00 (  0.56)	Acc@5   0.00 (  3.36)
Test: [200/500]	Time  0.654 ( 0.259)	Loss 1.0548e+01 (1.1797e+01)	Acc@1   1.00 (  0.38)	Acc@5   1.00 (  2.31)
Test: [300/500]	Time  0.068 ( 0.250)	Loss 9.3856e+00 (1.1464e+01)	Acc@1   0.00 (  0.57)	Acc@5   1.00 (  2.82)
Test: [400/500]	Time  0.069 ( 0.246)	Loss 1.0439e+01 (1.1226e+01)	Acc@1   0.00 (  0.72)	Acc@5   2.00 (  3.15)
 * Acc@1 0.944 Acc@5 3.486
i: 45
=> creating model 'resnet50'
=> loading checkpoint '/data/blurry_vision_sup_RN50/supervised_resnet50_from_gauss_6_for_15_epoch_to_gauss_4_for_15_epoch_to_gauss_2_for_15_epoch_to_gauss_0_for_15/outmodel/checkpoint_supervised_resnet50_from_gauss_6_for_15_epoch_to_gauss_4_for_15_epoch_to_gauss_2_for_15_epoch_to_gauss_0_for_15_epoch45.pth.tar'
=> loaded checkpoint '/data/blurry_vision_sup_RN50/supervised_resnet50_from_gauss_6_for_15_epoch_to_gauss_4_for_15_epoch_to_gauss_2_for_15_epoch_to_gauss_0_for_15/outmodel/checkpoint_supervised_resnet50_from_gauss_6_for_15_epoch_to_gauss_4_for_15_epoch_to_gauss_2_for_15_epoch_to_gauss_0_for_15_epoch45.pth.tar' (epoch 45)
Test: [  0/500]	Time  4.151 ( 4.151)	Loss 1.2343e+01 (1.2343e+01)	Acc@1   4.00 (  4.00)	Acc@5   7.00 (  7.00)
Test: [100/500]	Time  0.150 ( 0.261)	Loss 1.6828e+01 (1.4859e+01)	Acc@1   0.00 (  0.33)	Acc@5   0.00 (  1.50)
Test: [200/500]	Time  0.586 ( 0.253)	Loss 1.2608e+01 (1.4943e+01)	Acc@1   1.00 (  0.23)	Acc@5   1.00 (  1.05)
Test: [300/500]	Time  0.070 ( 0.244)	Loss 1.0988e+01 (1.4041e+01)	Acc@1   0.00 (  0.44)	Acc@5   0.00 (  1.74)
Test: [400/500]	Time  0.067 ( 0.241)	Loss 1.2968e+01 (1.3523e+01)	Acc@1   1.00 (  0.50)	Acc@5   1.00 (  1.99)
 * Acc@1 0.720 Acc@5 2.414
i: 50
=> creating model 'resnet50'
=> loading checkpoint '/data/blurry_vision_sup_RN50/supervised_resnet50_from_gauss_6_for_15_epoch_to_gauss_4_for_15_epoch_to_gauss_2_for_15_epoch_to_gauss_0_for_15/outmodel/checkpoint_supervised_resnet50_from_gauss_6_for_15_epoch_to_gauss_4_for_15_epoch_to_gauss_2_for_15_epoch_to_gauss_0_for_15_epoch50.pth.tar'
=> loaded checkpoint '/data/blurry_vision_sup_RN50/supervised_resnet50_from_gauss_6_for_15_epoch_to_gauss_4_for_15_epoch_to_gauss_2_for_15_epoch_to_gauss_0_for_15/outmodel/checkpoint_supervised_resnet50_from_gauss_6_for_15_epoch_to_gauss_4_for_15_epoch_to_gauss_2_for_15_epoch_to_gauss_0_for_15_epoch50.pth.tar' (epoch 50)
Test: [  0/500]	Time  4.175 ( 4.175)	Loss 7.4355e-01 (7.4355e-01)	Acc@1  86.00 ( 86.00)	Acc@5  93.00 ( 93.00)
Test: [100/500]	Time  0.069 ( 0.263)	Loss 1.1262e+00 (9.9315e-01)	Acc@1  63.00 ( 74.07)	Acc@5  98.00 ( 92.30)
Test: [200/500]	Time  0.593 ( 0.253)	Loss 1.8534e+00 (9.7000e-01)	Acc@1  49.00 ( 74.39)	Acc@5  83.00 ( 92.95)
Test: [300/500]	Time  0.142 ( 0.244)	Loss 3.0412e+00 (1.1606e+00)	Acc@1  37.00 ( 70.55)	Acc@5  67.00 ( 90.51)
Test: [400/500]	Time  0.078 ( 0.240)	Loss 5.6931e-01 (1.2683e+00)	Acc@1  83.00 ( 68.59)	Acc@5  98.00 ( 88.92)
 * Acc@1 67.736 Acc@5 88.344
i: 55
=> creating model 'resnet50'
=> loading checkpoint '/data/blurry_vision_sup_RN50/supervised_resnet50_from_gauss_6_for_15_epoch_to_gauss_4_for_15_epoch_to_gauss_2_for_15_epoch_to_gauss_0_for_15/outmodel/checkpoint_supervised_resnet50_from_gauss_6_for_15_epoch_to_gauss_4_for_15_epoch_to_gauss_2_for_15_epoch_to_gauss_0_for_15_epoch55.pth.tar'
=> loaded checkpoint '/data/blurry_vision_sup_RN50/supervised_resnet50_from_gauss_6_for_15_epoch_to_gauss_4_for_15_epoch_to_gauss_2_for_15_epoch_to_gauss_0_for_15/outmodel/checkpoint_supervised_resnet50_from_gauss_6_for_15_epoch_to_gauss_4_for_15_epoch_to_gauss_2_for_15_epoch_to_gauss_0_for_15_epoch55.pth.tar' (epoch 55)
Test: [  0/500]	Time  4.042 ( 4.042)	Loss 5.5096e-01 (5.5096e-01)	Acc@1  90.00 ( 90.00)	Acc@5  95.00 ( 95.00)
Test: [100/500]	Time  0.071 ( 0.261)	Loss 1.1422e+00 (9.8249e-01)	Acc@1  59.00 ( 74.54)	Acc@5  97.00 ( 92.25)
Test: [200/500]	Time  0.532 ( 0.249)	Loss 2.0268e+00 (9.9272e-01)	Acc@1  44.00 ( 74.23)	Acc@5  79.00 ( 92.61)
Test: [300/500]	Time  0.231 ( 0.243)	Loss 2.7833e+00 (1.1780e+00)	Acc@1  39.00 ( 70.64)	Acc@5  70.00 ( 90.19)
Test: [400/500]	Time  0.068 ( 0.239)	Loss 4.1256e-01 (1.2742e+00)	Acc@1  94.00 ( 68.77)	Acc@5  98.00 ( 88.84)
 * Acc@1 67.928 Acc@5 88.412
i: 60
=> creating model 'resnet50'
=> loading checkpoint '/data/blurry_vision_sup_RN50/supervised_resnet50_from_gauss_6_for_15_epoch_to_gauss_4_for_15_epoch_to_gauss_2_for_15_epoch_to_gauss_0_for_15/outmodel/checkpoint_supervised_resnet50_from_gauss_6_for_15_epoch_to_gauss_4_for_15_epoch_to_gauss_2_for_15_epoch_to_gauss_0_for_15_epoch60.pth.tar'
=> loaded checkpoint '/data/blurry_vision_sup_RN50/supervised_resnet50_from_gauss_6_for_15_epoch_to_gauss_4_for_15_epoch_to_gauss_2_for_15_epoch_to_gauss_0_for_15/outmodel/checkpoint_supervised_resnet50_from_gauss_6_for_15_epoch_to_gauss_4_for_15_epoch_to_gauss_2_for_15_epoch_to_gauss_0_for_15_epoch60.pth.tar' (epoch 60)
Test: [  0/500]	Time  4.006 ( 4.006)	Loss 5.1584e-01 (5.1584e-01)	Acc@1  89.00 ( 89.00)	Acc@5  96.00 ( 96.00)
Test: [100/500]	Time  0.068 ( 0.259)	Loss 1.2985e+00 (9.8274e-01)	Acc@1  57.00 ( 74.70)	Acc@5  95.00 ( 92.41)
Test: [200/500]	Time  0.466 ( 0.248)	Loss 1.4608e+00 (9.6444e-01)	Acc@1  51.00 ( 74.70)	Acc@5  87.00 ( 93.17)
Test: [300/500]	Time  0.068 ( 0.245)	Loss 2.9324e+00 (1.1463e+00)	Acc@1  39.00 ( 70.94)	Acc@5  64.00 ( 90.68)
Test: [400/500]	Time  0.068 ( 0.240)	Loss 6.6133e-01 (1.2442e+00)	Acc@1  84.00 ( 69.15)	Acc@5  96.00 ( 89.18)
 * Acc@1 68.424 Acc@5 88.780
