i: 35
=> creating model 'resnet50'
=> loading checkpoint '//data/blurry_vision_sup_RN50/supervised_resnet50_from_gauss_0_for_30_epoch_to_gauss_2_for_30/outmodel/checkpoint_supervised_resnet50_from_gauss_0_for_30_epoch_to_gauss_2_for_30_epoch35.pth.tar'
=> loaded checkpoint '//data/blurry_vision_sup_RN50/supervised_resnet50_from_gauss_0_for_30_epoch_to_gauss_2_for_30/outmodel/checkpoint_supervised_resnet50_from_gauss_0_for_30_epoch_to_gauss_2_for_30_epoch35.pth.tar' (epoch 35)
Test: [  0/500]	Time  4.176 ( 4.176)	Loss 9.9634e+00 (9.9634e+00)	Acc@1   2.00 (  2.00)	Acc@5   8.00 (  8.00)
Test: [100/500]	Time  0.069 ( 0.274)	Loss 1.3927e+01 (1.2745e+01)	Acc@1   0.00 (  1.06)	Acc@5   0.00 (  3.77)
Test: [200/500]	Time  0.646 ( 0.261)	Loss 1.5278e+01 (1.2912e+01)	Acc@1   0.00 (  0.80)	Acc@5   0.00 (  2.79)
Test: [300/500]	Time  0.068 ( 0.252)	Loss 1.1173e+01 (1.2322e+01)	Acc@1   0.00 (  1.24)	Acc@5   3.00 (  4.15)
Test: [400/500]	Time  0.070 ( 0.249)	Loss 1.1135e+01 (1.1952e+01)	Acc@1   0.00 (  1.42)	Acc@5   1.00 (  4.72)
 * Acc@1 1.534 Acc@5 5.038
i: 40
=> creating model 'resnet50'
=> loading checkpoint '//data/blurry_vision_sup_RN50/supervised_resnet50_from_gauss_0_for_30_epoch_to_gauss_2_for_30/outmodel/checkpoint_supervised_resnet50_from_gauss_0_for_30_epoch_to_gauss_2_for_30_epoch40.pth.tar'
=> loaded checkpoint '//data/blurry_vision_sup_RN50/supervised_resnet50_from_gauss_0_for_30_epoch_to_gauss_2_for_30/outmodel/checkpoint_supervised_resnet50_from_gauss_0_for_30_epoch_to_gauss_2_for_30_epoch40.pth.tar' (epoch 40)
Test: [  0/500]	Time  4.230 ( 4.230)	Loss 9.1143e+00 (9.1143e+00)	Acc@1   2.00 (  2.00)	Acc@5   5.00 (  5.00)
Test: [100/500]	Time  0.082 ( 0.249)	Loss 1.4255e+01 (1.3010e+01)	Acc@1   0.00 (  0.70)	Acc@5   0.00 (  3.13)
Test: [200/500]	Time  0.702 ( 0.240)	Loss 1.1674e+01 (1.3409e+01)	Acc@1   0.00 (  0.71)	Acc@5   1.00 (  2.69)
Test: [300/500]	Time  0.066 ( 0.231)	Loss 9.8409e+00 (1.2174e+01)	Acc@1   2.00 (  1.24)	Acc@5   8.00 (  4.29)
Test: [400/500]	Time  0.071 ( 0.226)	Loss 1.1870e+01 (1.1540e+01)	Acc@1   0.00 (  1.51)	Acc@5   1.00 (  4.84)
 * Acc@1 1.610 Acc@5 5.038
i: 45
=> creating model 'resnet50'
=> loading checkpoint '//data/blurry_vision_sup_RN50/supervised_resnet50_from_gauss_0_for_30_epoch_to_gauss_2_for_30/outmodel/checkpoint_supervised_resnet50_from_gauss_0_for_30_epoch_to_gauss_2_for_30_epoch45.pth.tar'
=> loaded checkpoint '//data/blurry_vision_sup_RN50/supervised_resnet50_from_gauss_0_for_30_epoch_to_gauss_2_for_30/outmodel/checkpoint_supervised_resnet50_from_gauss_0_for_30_epoch_to_gauss_2_for_30_epoch45.pth.tar' (epoch 45)
Test: [  0/500]	Time  4.363 ( 4.363)	Loss 1.0696e+01 (1.0696e+01)	Acc@1   3.00 (  3.00)	Acc@5   5.00 (  5.00)
Test: [100/500]	Time  0.653 ( 0.259)	Loss 1.3467e+01 (1.3079e+01)	Acc@1   0.00 (  0.49)	Acc@5   0.00 (  1.91)
Test: [200/500]	Time  0.585 ( 0.244)	Loss 1.3482e+01 (1.3025e+01)	Acc@1   0.00 (  0.38)	Acc@5   0.00 (  1.38)
Test: [300/500]	Time  0.082 ( 0.234)	Loss 1.1125e+01 (1.2307e+01)	Acc@1   1.00 (  0.91)	Acc@5   4.00 (  3.04)
Test: [400/500]	Time  0.073 ( 0.230)	Loss 1.2968e+01 (1.1908e+01)	Acc@1   0.00 (  1.01)	Acc@5   0.00 (  3.31)
 * Acc@1 1.118 Acc@5 3.622
i: 50
=> creating model 'resnet50'
=> loading checkpoint '//data/blurry_vision_sup_RN50/supervised_resnet50_from_gauss_0_for_30_epoch_to_gauss_2_for_30/outmodel/checkpoint_supervised_resnet50_from_gauss_0_for_30_epoch_to_gauss_2_for_30_epoch50.pth.tar'
=> loaded checkpoint '//data/blurry_vision_sup_RN50/supervised_resnet50_from_gauss_0_for_30_epoch_to_gauss_2_for_30/outmodel/checkpoint_supervised_resnet50_from_gauss_0_for_30_epoch_to_gauss_2_for_30_epoch50.pth.tar' (epoch 50)
Test: [  0/500]	Time  4.585 ( 4.585)	Loss 8.7076e+00 (8.7076e+00)	Acc@1   6.00 (  6.00)	Acc@5   9.00 (  9.00)
Test: [100/500]	Time  0.257 ( 0.250)	Loss 1.2854e+01 (1.0839e+01)	Acc@1   0.00 (  0.86)	Acc@5   0.00 (  3.14)
Test: [200/500]	Time  0.584 ( 0.239)	Loss 1.0641e+01 (1.1136e+01)	Acc@1   0.00 (  0.59)	Acc@5   0.00 (  2.12)
Test: [300/500]	Time  0.077 ( 0.232)	Loss 8.0253e+00 (1.0496e+01)	Acc@1   0.00 (  0.90)	Acc@5   0.00 (  2.95)
Test: [400/500]	Time  0.106 ( 0.228)	Loss 8.8240e+00 (1.0151e+01)	Acc@1   0.00 (  1.00)	Acc@5   2.00 (  3.22)
 * Acc@1 1.292 Acc@5 3.762
i: 55
=> creating model 'resnet50'
=> loading checkpoint '//data/blurry_vision_sup_RN50/supervised_resnet50_from_gauss_0_for_30_epoch_to_gauss_2_for_30/outmodel/checkpoint_supervised_resnet50_from_gauss_0_for_30_epoch_to_gauss_2_for_30_epoch55.pth.tar'
=> loaded checkpoint '//data/blurry_vision_sup_RN50/supervised_resnet50_from_gauss_0_for_30_epoch_to_gauss_2_for_30/outmodel/checkpoint_supervised_resnet50_from_gauss_0_for_30_epoch_to_gauss_2_for_30_epoch55.pth.tar' (epoch 55)
Test: [  0/500]	Time  4.172 ( 4.172)	Loss 9.2334e+00 (9.2334e+00)	Acc@1   3.00 (  3.00)	Acc@5  10.00 ( 10.00)
Test: [100/500]	Time  0.257 ( 0.252)	Loss 1.2558e+01 (1.1566e+01)	Acc@1   0.00 (  0.84)	Acc@5   0.00 (  2.94)
Test: [200/500]	Time  0.291 ( 0.237)	Loss 1.0725e+01 (1.1832e+01)	Acc@1   1.00 (  0.68)	Acc@5   2.00 (  2.35)
Test: [300/500]	Time  0.067 ( 0.231)	Loss 9.2125e+00 (1.1060e+01)	Acc@1   0.00 (  0.99)	Acc@5   1.00 (  3.40)
Test: [400/500]	Time  0.068 ( 0.228)	Loss 1.0396e+01 (1.0623e+01)	Acc@1   0.00 (  1.20)	Acc@5   0.00 (  3.80)
 * Acc@1 1.338 Acc@5 4.084
