i: 65
=> creating model 'resnet50'
=> loading checkpoint '/data/blurry_vision_sup_RN50/supervised_resnet50_from_gauss_4_for_30_epoch_to_gauss_0_for_60/outmodel/checkpoint_supervised_resnet50_from_gauss_4_for_30_epoch_to_gauss_0_for_60_epoch65.pth.tar'
=> loaded checkpoint '/data/blurry_vision_sup_RN50/supervised_resnet50_from_gauss_4_for_30_epoch_to_gauss_0_for_60/outmodel/checkpoint_supervised_resnet50_from_gauss_4_for_30_epoch_to_gauss_0_for_60_epoch65.pth.tar' (epoch 65)
Test: [  0/500]	Time  4.301 ( 4.301)	Loss 5.2854e-01 (5.2854e-01)	Acc@1  89.00 ( 89.00)	Acc@5  95.00 ( 95.00)
Test: [100/500]	Time  0.069 ( 0.275)	Loss 9.3038e-01 (7.3476e-01)	Acc@1  69.00 ( 80.44)	Acc@5  96.00 ( 95.20)
Test: [200/500]	Time  0.599 ( 0.262)	Loss 1.2084e+00 (7.3677e-01)	Acc@1  63.00 ( 80.35)	Acc@5  91.00 ( 95.50)
Test: [300/500]	Time  0.070 ( 0.252)	Loss 2.7299e+00 (8.9685e-01)	Acc@1  39.00 ( 76.89)	Acc@5  72.00 ( 93.54)
Test: [400/500]	Time  0.081 ( 0.250)	Loss 4.2106e-01 (9.8327e-01)	Acc@1  89.00 ( 75.22)	Acc@5  97.00 ( 92.42)
 * Acc@1 74.340 Acc@5 92.050
i: 70
=> creating model 'resnet50'
=> loading checkpoint '/data/blurry_vision_sup_RN50/supervised_resnet50_from_gauss_4_for_30_epoch_to_gauss_0_for_60/outmodel/checkpoint_supervised_resnet50_from_gauss_4_for_30_epoch_to_gauss_0_for_60_epoch70.pth.tar'
=> loaded checkpoint '/data/blurry_vision_sup_RN50/supervised_resnet50_from_gauss_4_for_30_epoch_to_gauss_0_for_60/outmodel/checkpoint_supervised_resnet50_from_gauss_4_for_30_epoch_to_gauss_0_for_60_epoch70.pth.tar' (epoch 70)
Test: [  0/500]	Time  4.181 ( 4.181)	Loss 5.1868e-01 (5.1868e-01)	Acc@1  88.00 ( 88.00)	Acc@5  96.00 ( 96.00)
Test: [100/500]	Time  0.325 ( 0.253)	Loss 9.5343e-01 (7.3712e-01)	Acc@1  68.00 ( 80.63)	Acc@5  97.00 ( 95.12)
Test: [200/500]	Time  0.458 ( 0.243)	Loss 1.1424e+00 (7.3523e-01)	Acc@1  63.00 ( 80.67)	Acc@5  92.00 ( 95.52)
Test: [300/500]	Time  0.069 ( 0.233)	Loss 2.7080e+00 (8.9487e-01)	Acc@1  42.00 ( 77.14)	Acc@5  75.00 ( 93.56)
Test: [400/500]	Time  0.070 ( 0.229)	Loss 3.8359e-01 (9.7732e-01)	Acc@1  88.00 ( 75.44)	Acc@5  98.00 ( 92.45)
 * Acc@1 74.550 Acc@5 92.070
i: 75
=> creating model 'resnet50'
=> loading checkpoint '/data/blurry_vision_sup_RN50/supervised_resnet50_from_gauss_4_for_30_epoch_to_gauss_0_for_60/outmodel/checkpoint_supervised_resnet50_from_gauss_4_for_30_epoch_to_gauss_0_for_60_epoch75.pth.tar'
=> loaded checkpoint '/data/blurry_vision_sup_RN50/supervised_resnet50_from_gauss_4_for_30_epoch_to_gauss_0_for_60/outmodel/checkpoint_supervised_resnet50_from_gauss_4_for_30_epoch_to_gauss_0_for_60_epoch75.pth.tar' (epoch 75)
Test: [  0/500]	Time  4.129 ( 4.129)	Loss 6.2838e-01 (6.2838e-01)	Acc@1  87.00 ( 87.00)	Acc@5  95.00 ( 95.00)
Test: [100/500]	Time  0.068 ( 0.251)	Loss 9.2626e-01 (7.3512e-01)	Acc@1  72.00 ( 80.76)	Acc@5  98.00 ( 95.24)
Test: [200/500]	Time  0.317 ( 0.235)	Loss 1.2314e+00 (7.3579e-01)	Acc@1  61.00 ( 80.70)	Acc@5  94.00 ( 95.52)
Test: [300/500]	Time  0.065 ( 0.228)	Loss 2.6247e+00 (8.8824e-01)	Acc@1  41.00 ( 77.30)	Acc@5  75.00 ( 93.60)
Test: [400/500]	Time  0.075 ( 0.225)	Loss 3.8774e-01 (9.7162e-01)	Acc@1  86.00 ( 75.65)	Acc@5  99.00 ( 92.51)
 * Acc@1 74.792 Acc@5 92.142
i: 80
=> creating model 'resnet50'
=> loading checkpoint '/data/blurry_vision_sup_RN50/supervised_resnet50_from_gauss_4_for_30_epoch_to_gauss_0_for_60/outmodel/checkpoint_supervised_resnet50_from_gauss_4_for_30_epoch_to_gauss_0_for_60_epoch80.pth.tar'
=> loaded checkpoint '/data/blurry_vision_sup_RN50/supervised_resnet50_from_gauss_4_for_30_epoch_to_gauss_0_for_60/outmodel/checkpoint_supervised_resnet50_from_gauss_4_for_30_epoch_to_gauss_0_for_60_epoch80.pth.tar' (epoch 80)
Test: [  0/500]	Time  4.302 ( 4.302)	Loss 4.8753e-01 (4.8753e-01)	Acc@1  90.00 ( 90.00)	Acc@5  97.00 ( 97.00)
Test: [100/500]	Time  0.066 ( 0.250)	Loss 9.2949e-01 (7.2449e-01)	Acc@1  67.00 ( 81.00)	Acc@5  98.00 ( 95.33)
Test: [200/500]	Time  0.409 ( 0.240)	Loss 1.0171e+00 (7.2391e-01)	Acc@1  65.00 ( 81.00)	Acc@5  92.00 ( 95.61)
Test: [300/500]	Time  0.071 ( 0.231)	Loss 2.5289e+00 (8.8503e-01)	Acc@1  43.00 ( 77.41)	Acc@5  77.00 ( 93.73)
Test: [400/500]	Time  0.066 ( 0.227)	Loss 3.3503e-01 (9.6697e-01)	Acc@1  90.00 ( 75.78)	Acc@5 100.00 ( 92.64)
 * Acc@1 74.986 Acc@5 92.264
i: 85
=> creating model 'resnet50'
=> loading checkpoint '/data/blurry_vision_sup_RN50/supervised_resnet50_from_gauss_4_for_30_epoch_to_gauss_0_for_60/outmodel/checkpoint_supervised_resnet50_from_gauss_4_for_30_epoch_to_gauss_0_for_60_epoch85.pth.tar'
=> loaded checkpoint '/data/blurry_vision_sup_RN50/supervised_resnet50_from_gauss_4_for_30_epoch_to_gauss_0_for_60/outmodel/checkpoint_supervised_resnet50_from_gauss_4_for_30_epoch_to_gauss_0_for_60_epoch85.pth.tar' (epoch 85)
Test: [  0/500]	Time  4.256 ( 4.256)	Loss 5.0794e-01 (5.0794e-01)	Acc@1  90.00 ( 90.00)	Acc@5  96.00 ( 96.00)
Test: [100/500]	Time  0.067 ( 0.254)	Loss 8.7986e-01 (7.3308e-01)	Acc@1  74.00 ( 80.83)	Acc@5  99.00 ( 95.25)
Test: [200/500]	Time  0.459 ( 0.243)	Loss 1.2778e+00 (7.2862e-01)	Acc@1  61.00 ( 80.75)	Acc@5  92.00 ( 95.58)
Test: [300/500]	Time  0.067 ( 0.233)	Loss 2.6748e+00 (8.9229e-01)	Acc@1  41.00 ( 77.38)	Acc@5  72.00 ( 93.61)
Test: [400/500]	Time  0.077 ( 0.227)	Loss 4.4373e-01 (9.7573e-01)	Acc@1  85.00 ( 75.66)	Acc@5  97.00 ( 92.54)
 * Acc@1 74.780 Acc@5 92.174
