i: 45
=> creating model 'resnet50'
=> loading checkpoint '/data/blurry_vision_sup_RN50/supervised_resnet50_from_gauss_4_for_40_epoch_to_gauss_0_for_20/outmodel/checkpoint_supervised_resnet50_from_gauss_4_for_40_epoch_to_gauss_0_for_20_epoch45.pth.tar'
=> loaded checkpoint '/data/blurry_vision_sup_RN50/supervised_resnet50_from_gauss_4_for_40_epoch_to_gauss_0_for_20/outmodel/checkpoint_supervised_resnet50_from_gauss_4_for_40_epoch_to_gauss_0_for_20_epoch45.pth.tar' (epoch 45)
Test: [  0/500]	Time  4.512 ( 4.512)	Loss 6.5445e-01 (6.5445e-01)	Acc@1  85.00 ( 85.00)	Acc@5  94.00 ( 94.00)
Test: [100/500]	Time  0.069 ( 0.279)	Loss 1.3906e+00 (9.8123e-01)	Acc@1  61.00 ( 74.35)	Acc@5  94.00 ( 92.37)
Test: [200/500]	Time  0.628 ( 0.264)	Loss 1.3937e+00 (9.7170e-01)	Acc@1  55.00 ( 74.20)	Acc@5  91.00 ( 93.03)
Test: [300/500]	Time  0.067 ( 0.254)	Loss 2.8553e+00 (1.1473e+00)	Acc@1  38.00 ( 70.77)	Acc@5  68.00 ( 90.67)
Test: [400/500]	Time  0.073 ( 0.251)	Loss 4.0943e-01 (1.2526e+00)	Acc@1  90.00 ( 68.80)	Acc@5  99.00 ( 89.06)
 * Acc@1 67.970 Acc@5 88.548
i: 50
=> creating model 'resnet50'
=> loading checkpoint '/data/blurry_vision_sup_RN50/supervised_resnet50_from_gauss_4_for_40_epoch_to_gauss_0_for_20/outmodel/checkpoint_supervised_resnet50_from_gauss_4_for_40_epoch_to_gauss_0_for_20_epoch50.pth.tar'
=> loaded checkpoint '/data/blurry_vision_sup_RN50/supervised_resnet50_from_gauss_4_for_40_epoch_to_gauss_0_for_20/outmodel/checkpoint_supervised_resnet50_from_gauss_4_for_40_epoch_to_gauss_0_for_20_epoch50.pth.tar' (epoch 50)
Test: [  0/500]	Time  4.283 ( 4.283)	Loss 5.5977e-01 (5.5977e-01)	Acc@1  89.00 ( 89.00)	Acc@5  94.00 ( 94.00)
Test: [100/500]	Time  0.070 ( 0.249)	Loss 1.1618e+00 (9.4892e-01)	Acc@1  61.00 ( 74.76)	Acc@5  97.00 ( 92.89)
Test: [200/500]	Time  0.508 ( 0.240)	Loss 1.3542e+00 (9.3337e-01)	Acc@1  62.00 ( 75.14)	Acc@5  87.00 ( 93.36)
Test: [300/500]	Time  0.071 ( 0.230)	Loss 3.0845e+00 (1.1296e+00)	Acc@1  38.00 ( 71.45)	Acc@5  66.00 ( 90.81)
Test: [400/500]	Time  0.066 ( 0.227)	Loss 5.1737e-01 (1.2381e+00)	Acc@1  86.00 ( 69.41)	Acc@5  97.00 ( 89.21)
 * Acc@1 68.512 Acc@5 88.670
i: 55
=> creating model 'resnet50'
=> loading checkpoint '/data/blurry_vision_sup_RN50/supervised_resnet50_from_gauss_4_for_40_epoch_to_gauss_0_for_20/outmodel/checkpoint_supervised_resnet50_from_gauss_4_for_40_epoch_to_gauss_0_for_20_epoch55.pth.tar'
=> loaded checkpoint '/data/blurry_vision_sup_RN50/supervised_resnet50_from_gauss_4_for_40_epoch_to_gauss_0_for_20/outmodel/checkpoint_supervised_resnet50_from_gauss_4_for_40_epoch_to_gauss_0_for_20_epoch55.pth.tar' (epoch 55)
Test: [  0/500]	Time  4.362 ( 4.362)	Loss 5.0571e-01 (5.0571e-01)	Acc@1  89.00 ( 89.00)	Acc@5  96.00 ( 96.00)
Test: [100/500]	Time  0.076 ( 0.255)	Loss 8.3282e-01 (9.5690e-01)	Acc@1  73.00 ( 75.11)	Acc@5  98.00 ( 92.74)
Test: [200/500]	Time  0.279 ( 0.240)	Loss 1.1042e+00 (9.4183e-01)	Acc@1  75.00 ( 75.03)	Acc@5  90.00 ( 93.37)
Test: [300/500]	Time  0.067 ( 0.233)	Loss 2.8692e+00 (1.1186e+00)	Acc@1  40.00 ( 71.57)	Acc@5  69.00 ( 90.97)
Test: [400/500]	Time  0.066 ( 0.228)	Loss 4.6179e-01 (1.2196e+00)	Acc@1  86.00 ( 69.65)	Acc@5  98.00 ( 89.49)
 * Acc@1 68.824 Acc@5 89.004
i: 60
=> creating model 'resnet50'
=> loading checkpoint '/data/blurry_vision_sup_RN50/supervised_resnet50_from_gauss_4_for_40_epoch_to_gauss_0_for_20/outmodel/checkpoint_supervised_resnet50_from_gauss_4_for_40_epoch_to_gauss_0_for_20_epoch60.pth.tar'
=> loaded checkpoint '/data/blurry_vision_sup_RN50/supervised_resnet50_from_gauss_4_for_40_epoch_to_gauss_0_for_20/outmodel/checkpoint_supervised_resnet50_from_gauss_4_for_40_epoch_to_gauss_0_for_20_epoch60.pth.tar' (epoch 60)
Test: [  0/500]	Time  4.369 ( 4.369)	Loss 6.7075e-01 (6.7075e-01)	Acc@1  87.00 ( 87.00)	Acc@5  96.00 ( 96.00)
Test: [100/500]	Time  0.067 ( 0.255)	Loss 1.2865e+00 (9.7236e-01)	Acc@1  52.00 ( 74.81)	Acc@5  97.00 ( 92.59)
Test: [200/500]	Time  0.495 ( 0.241)	Loss 1.5276e+00 (9.4634e-01)	Acc@1  54.00 ( 74.95)	Acc@5  85.00 ( 93.37)
Test: [300/500]	Time  0.071 ( 0.233)	Loss 3.1986e+00 (1.1205e+00)	Acc@1  34.00 ( 71.55)	Acc@5  61.00 ( 91.13)
Test: [400/500]	Time  0.066 ( 0.231)	Loss 6.1819e-01 (1.2056e+00)	Acc@1  85.00 ( 69.95)	Acc@5  97.00 ( 89.88)
 * Acc@1 69.220 Acc@5 89.452
